<?xml version="1.0" encoding="UTF-8"?>
<testsuite name="CorrecterTest" tests="1" skipped="0" failures="0" errors="0" timestamp="2021-06-13T13:39:22" hostname="DESKTOP-SQGJGEQ" time="0.609">
  <properties/>
  <testcase name="start" classname="CorrecterTest" time="0.609"/>
  <system-out><![CDATA[?[1;31m
Start test 1?[0m
Write a mode: > encode

send.txt:
text view: Eat more of these french buns!
hex view: 45 61 74 20 6D 6F 72 65 20 6F 66 20 74 68 65 73 65 20 66 72 65 6E 63 68 20 62 75 6E 73 21 
bin view: 01000101 01100001 01110100 00100000 01101101 01101111 01110010 01100101 00100000 01101111 01100110 00100000 01110100 01101000 01100101 01110011 01100101 00100000 01100110 01110010 01100101 01101110 01100011 01101000 00100000 01100010 01110101 01101110 01110011 00100001 

encoded.txt:
parity: 00110011 00001111 00110011 11110000 00000000 11001100 11110000 11000011 00001111 00000000 00000000 11110000 11110000 11001100 11001100 11111111 00111100 11000011 11000011 11110000 00110011 11000011 11000011 00000000 00111100 00111100 11110000 11110000 00111100 00000000 11000011 00000000 00111100 11001100 00000000 11110000 11000011 00001111 11000011 11001100 00111100 11000011 11110000 11110000 00110011 11000011 11000011 00000000 00111100 00001111 11000011 11111111 00001111 00001111 11000011 11001100 00111100 00111100 11000011 11110000 00001111 11001100 11001100 00000000 00001111 00000000 00000000 11110000 00001111 00001111 11110000 11001100 00111100 00111100 11000011 11111111 00001111 11000011 11000011 00001111 
?[1;31m
Start test 2?[0m
Write a mode: > send

encoded.txt:
hex view: 33 0F 33 F0 00 CC F0 C3 0F 00 00 F0 F0 CC CC FF 3C C3 C3 F0 33 C3 C3 00 3C 3C F0 F0 3C 00 C3 00 3C CC 00 F0 C3 0F C3 CC 3C C3 F0 F0 33 C3 C3 00 3C 0F C3 FF 0F 0F C3 CC 3C 3C C3 F0 0F CC CC 00 0F 00 00 F0 0F 0F F0 CC 3C 3C C3 FF 0F C3 C3 0F 
bin view: 00110011 00001111 00110011 11110000 00000000 11001100 11110000 11000011 00001111 00000000 00000000 11110000 11110000 11001100 11001100 11111111 00111100 11000011 11000011 11110000 00110011 11000011 11000011 00000000 00111100 00111100 11110000 11110000 00111100 00000000 11000011 00000000 00111100 11001100 00000000 11110000 11000011 00001111 11000011 11001100 00111100 11000011 11110000 11110000 00110011 11000011 11000011 00000000 00111100 00001111 11000011 11111111 00001111 00001111 11000011 11001100 00111100 00111100 11000011 11110000 00001111 11001100 11001100 00000000 00001111 00000000 00000000 11110000 00001111 00001111 11110000 11001100 00111100 00111100 11000011 11111111 00001111 11000011 11000011 00001111 

received.txt:
bin view: 00110001 00101111 00111011 01110000 00001000 10001100 11010000 11000111 00011111 00000100 00001000 11111000 11100000 11000100 11001110 01111111 00110100 11000001 10000011 11100000 00100011 11000111 11001011 00000010 01111100 00101100 11110001 11110010 10111100 00010000 11010011 00000010 01111100 11001110 00010000 01110000 11010011 00011111 11000111 11001101 00110100 11100011 11100000 11110010 00110001 11100011 11100011 01000000 00011100 10001111 01000011 01111111 00011111 00101111 11010011 11001101 00101100 00110100 11001011 10110000 00000111 11001000 11011100 00000001 00011111 00000010 00000100 11110010 01001111 00001110 11110001 11001110 10111100 00101100 11010011 11110111 00001110 11000001 11001011 00001110 
?[1;31m
Start test 3?[0m
Write a mode: > decode

received.txt:
hex view: 31 2F 3B 70 08 8C D0 C7 1F 04 08 F8 E0 C4 CE 7F 34 C1 83 E0 23 C7 CB 02 7C 2C F1 F2 BC 10 D3 02 7C CE 10 70 D3 1F C7 CD 34 E3 E0 F2 31 E3 E3 40 1C 8F 43 7F 1F 2F D3 CD 2C 34 CB B0 07 C8 DC 01 1F 02 04 F2 4F 0E F1 CE BC 2C D3 F7 0E C1 CB 0E 
bin view: 00110001 00101111 00111011 01110000 00001000 10001100 11010000 11000111 00011111 00000100 00001000 11111000 11100000 11000100 11001110 01111111 00110100 11000001 10000011 11100000 00100011 11000111 11001011 00000010 01111100 00101100 11110001 11110010 10111100 00010000 11010011 00000010 01111100 11001110 00010000 01110000 11010011 00011111 11000111 11001101 00110100 11100011 11100000 11110010 00110001 11100011 11100011 01000000 00011100 10001111 01000011 01111111 00011111 00101111 11010011 11001101 00101100 00110100 11001011 10110000 00000111 11001000 11011100 00000001 00011111 00000010 00000100 11110010 01001111 00001110 11110001 11001110 10111100 00101100 11010011 11110111 00001110 11000001 11001011 00001110 

decoded.txt:
correct: 01000101 01100001 01110100 00100000 01101101 01101111 01110010 01100101 00100000 01101111 01100110 00100000 01110100 01101000 01100101 01110011 01100101 00100000 01100110 01110010 01100101 01101110 01100011 01101000 00100000 01100010 01110101 01101110 01110011 00100001 
hex view: 31 2F 3B 70 08 8C D0 C7 1F 04 08 F8 E0 C4 CE 7F 34 C1 83 E0 23 C7 CB 02 7C 2C F1 F2 BC 10 D3 02 7C CE 10 70 D3 1F C7 CD 34 E3 E0 F2 31 E3 E3 40 1C 8F 43 7F 1F 2F D3 CD 2C 34 CB B0 07 C8 DC 01 1F 02 04 F2 4F 0E F1 CE BC 2C D3 F7 0E C1 CB 0E 
text view: Eat more of these french buns!
?[1;31m
Start test 4?[0m
Write a mode: > encode

send.txt:
text view: $ome rand0m messAge
hex view: 24 6F 6D 65 20 72 61 6E 64 30 6D 20 6D 65 73 73 41 67 65 
bin view: 00100100 01101111 01101101 01100101 00100000 01110010 01100001 01101110 01100100 00110000 01101101 00100000 01101101 01100101 01110011 01110011 01000001 01100111 01100101 

encoded.txt:
parity: 00001111 00001111 00000000 11110000 11111111 11001100 11001100 11001100 00111100 00001111 00110011 00110011 00000000 00001111 11110000 00110011 00111100 00000000 00110011 11110000 11111111 00001111 11000011 11000011 00001111 11000011 00000000 11110000 11110000 11000011 11000011 00000000 00111100 00111100 00110011 11110000 00110011 11001100 11110000 00111100 00111100 11000011 11110000 11000011 00000000 11001100 11000011 11111111 00111100 00001111 00110011 
?[1;31m
Start test 5?[0m
Write a mode: > send

encoded.txt:
hex view: 0F 0F 00 F0 FF CC CC CC 3C 0F 33 33 00 0F F0 33 3C 00 33 F0 FF 0F C3 C3 0F C3 00 F0 F0 C3 C3 00 3C 3C 33 F0 33 CC F0 3C 3C C3 F0 C3 00 CC C3 FF 3C 0F 33 
bin view: 00001111 00001111 00000000 11110000 11111111 11001100 11001100 11001100 00111100 00001111 00110011 00110011 00000000 00001111 11110000 00110011 00111100 00000000 00110011 11110000 11111111 00001111 11000011 11000011 00001111 11000011 00000000 11110000 11110000 11000011 11000011 00000000 00111100 00111100 00110011 11110000 00110011 11001100 11110000 00111100 00111100 11000011 11110000 11000011 00000000 11001100 11000011 11111111 00111100 00001111 00110011 

received.txt:
bin view: 10001111 00011111 00010000 11110001 11110111 01001100 11001101 01001100 00101100 10001111 00110010 00100011 01000000 01001111 10110000 01110011 00101100 01000000 00010011 11110100 11110111 10001111 11000001 11001011 00101111 11001011 00010000 10110000 11100000 11000010 10000011 00010000 00011100 00011100 00010011 10110000 00111011 11001110 11100000 10111100 10111100 11010011 11010000 10000011 00000001 11001101 01000011 01111111 00111110 00101111 10110011 
?[1;31m
Start test 6?[0m
Write a mode: > decode

received.txt:
hex view: 8F 1F 10 F1 F7 4C CD 4C 2C 8F 32 23 40 4F B0 73 2C 40 13 F4 F7 8F C1 CB 2F CB 10 B0 E0 C2 83 10 1C 1C 13 B0 3B CE E0 BC BC D3 D0 83 01 CD 43 7F 3E 2F B3 
bin view: 10001111 00011111 00010000 11110001 11110111 01001100 11001101 01001100 00101100 10001111 00110010 00100011 01000000 01001111 10110000 01110011 00101100 01000000 00010011 11110100 11110111 10001111 11000001 11001011 00101111 11001011 00010000 10110000 11100000 11000010 10000011 00010000 00011100 00011100 00010011 10110000 00111011 11001110 11100000 10111100 10111100 11010011 11010000 10000011 00000001 11001101 01000011 01111111 00111110 00101111 10110011 

decoded.txt:
correct: 00100100 01101111 01101101 01100101 00100000 01110010 01100001 01101110 01100100 00110000 01101101 00100000 01101101 01100101 01110011 01110011 01000001 01100111 01100101 
hex view: 8F 1F 10 F1 F7 4C CD 4C 2C 8F 32 23 40 4F B0 73 2C 40 13 F4 F7 8F C1 CB 2F CB 10 B0 E0 C2 83 10 1C 1C 13 B0 3B CE E0 BC BC D3 D0 83 01 CD 43 7F 3E 2F B3 
text view: $ome rand0m messAge
?[1;31m
Start test 7?[0m
Write a mode: > encode

send.txt:
text view: better call Saul 555-00-73!
hex view: 62 65 74 74 65 72 20 63 61 6C 6C 20 53 61 75 6C 20 35 35 35 2D 30 30 2D 37 33 21 
bin view: 01100010 01100101 01110100 01110100 01100101 01110010 00100000 01100011 01100001 01101100 01101100 00100000 01010011 01100001 01110101 01101100 00100000 00110101 00110101 00110101 00101101 00110000 00110000 00101101 00110111 00110011 00100001 

encoded.txt:
parity: 00111100 00000000 11000011 11110000 00110011 11001100 11110000 11000011 00111100 11001100 00000000 11110000 00110011 11001100 11110000 00110011 00001111 00000000 00000000 11110000 00001111 11001100 11000011 00001111 00111100 00111100 00000000 11110000 11110000 00000000 11000011 00000000 00110011 11000011 11110000 11110000 00000000 11001100 11110000 11001100 00111100 00111100 00000000 00110011 00000000 00000000 11110000 11001100 00001111 11001100 00110011 00111100 00110011 11000011 11001100 11001100 00001111 11000011 00000000 00111100 00000000 00000000 11001100 11001100 00001111 11001100 11110000 00111100 00001111 11000011 11000011 00001111 
?[1;31m
Start test 8?[0m
Write a mode: > send

encoded.txt:
hex view: 3C 00 C3 F0 33 CC F0 C3 3C CC 00 F0 33 CC F0 33 0F 00 00 F0 0F CC C3 0F 3C 3C 00 F0 F0 00 C3 00 33 C3 F0 F0 00 CC F0 CC 3C 3C 00 33 00 00 F0 CC 0F CC 33 3C 33 C3 CC CC 0F C3 00 3C 00 00 CC CC 0F CC F0 3C 0F C3 C3 0F 
bin view: 00111100 00000000 11000011 11110000 00110011 11001100 11110000 11000011 00111100 11001100 00000000 11110000 00110011 11001100 11110000 00110011 00001111 00000000 00000000 11110000 00001111 11001100 11000011 00001111 00111100 00111100 00000000 11110000 11110000 00000000 11000011 00000000 00110011 11000011 11110000 11110000 00000000 11001100 11110000 11001100 00111100 00111100 00000000 00110011 00000000 00000000 11110000 11001100 00001111 11001100 00110011 00111100 00110011 11000011 11001100 11001100 00001111 11000011 00000000 00111100 00000000 00000000 11001100 11001100 00001111 11001100 11110000 00111100 00001111 11000011 11000011 00001111 

received.txt:
bin view: 00111110 00001000 11001011 11111000 00100011 11001110 11010000 11001011 00111101 10001100 00000100 11110010 00110111 11000100 01110000 01110011 00001101 00000010 10000000 11010000 00001011 11000100 01000011 10001111 00101100 00011100 00000001 11100000 11111000 00100000 11010011 00100000 00010011 10000011 11100000 11110010 10000000 11101100 11010000 11001101 00111110 01111100 00001000 00111011 00100000 00100000 11111000 01001100 00001110 11011100 00110001 00011100 00110010 11000111 10001100 11011100 10001111 10000011 00000001 00011100 10000000 00000001 11011100 10001100 00011111 11000100 01110000 10111100 00001101 11001011 11001011 10001111 
?[1;31m
Start test 9?[0m
Write a mode: > decode

received.txt:
hex view: 3E 08 CB F8 23 CE D0 CB 3D 8C 04 F2 37 C4 70 73 0D 02 80 D0 0B C4 43 8F 2C 1C 01 E0 F8 20 D3 20 13 83 E0 F2 80 EC D0 CD 3E 7C 08 3B 20 20 F8 4C 0E DC 31 1C 32 C7 8C DC 8F 83 01 1C 80 01 DC 8C 1F C4 70 BC 0D CB CB 8F 
bin view: 00111110 00001000 11001011 11111000 00100011 11001110 11010000 11001011 00111101 10001100 00000100 11110010 00110111 11000100 01110000 01110011 00001101 00000010 10000000 11010000 00001011 11000100 01000011 10001111 00101100 00011100 00000001 11100000 11111000 00100000 11010011 00100000 00010011 10000011 11100000 11110010 10000000 11101100 11010000 11001101 00111110 01111100 00001000 00111011 00100000 00100000 11111000 01001100 00001110 11011100 00110001 00011100 00110010 11000111 10001100 11011100 10001111 10000011 00000001 00011100 10000000 00000001 11011100 10001100 00011111 11000100 01110000 10111100 00001101 11001011 11001011 10001111 

decoded.txt:
correct: 01100010 01100101 01110100 01110100 01100101 01110010 00100000 01100011 01100001 01101100 01101100 00100000 01010011 01100001 01110101 01101100 00100000 00110101 00110101 00110101 00101101 00110000 00110000 00101101 00110111 00110011 00100001 
hex view: 3E 08 CB F8 23 CE D0 CB 3D 8C 04 F2 37 C4 70 73 0D 02 80 D0 0B C4 43 8F 2C 1C 01 E0 F8 20 D3 20 13 83 E0 F2 80 EC D0 CD 3E 7C 08 3B 20 20 F8 4C 0E DC 31 1C 32 C7 8C DC 8F 83 01 1C 80 01 DC 8C 1F C4 70 BC 0D CB CB 8F 
text view: better call Saul 555-00-73!
?[1;31m
Start test 10?[0m
Write a mode: > encode

send.txt:
text view: 5548172 6548 225147 23656595 5155
hex view: 35 35 34 38 31 37 32 20 36 35 34 38 20 32 32 35 31 34 37 20 32 33 36 35 36 35 39 35 20 35 31 35 35 
bin view: 00110101 00110101 00110100 00111000 00110001 00110111 00110010 00100000 00110110 00110101 00110100 00111000 00100000 00110010 00110010 00110101 00110001 00110100 00110111 00100000 00110010 00110011 00110110 00110101 00110110 00110101 00111001 00110101 00100000 00110101 00110001 00110101 00110101 

encoded.txt:
parity: 00001111 11001100 00110011 00111100 00110011 11000011 11110000 11000011 00001111 11110000 00000000 00111100 00000000 11000011 11110000 11111111 00001111 11000011 11000011 00110011 00000000 00000000 11110000 11110000 00001111 11001100 00110011 00111100 00110011 00000000 11111111 00000000 00001111 00000000 00000000 00111100 00001111 00000000 11110000 00110011 00001111 11001100 00110011 00111100 00000000 11000011 11110000 11000011 00001111 11001100 11110000 00110011 00000000 00000000 11110000 00110011 00001111 11000011 11110000 00111100 00111100 00000000 11110000 11001100 00001111 11001100 11000011 00111100 00110011 11000011 11111111 00001111 00001111 11001100 00110011 00110011 00000000 00000000 11110000 11001100 00001111 11000011 00110011 00111100 00110011 11000011 11110000 11001100 
?[1;31m
Start test 11?[0m
Write a mode: > send

encoded.txt:
hex view: 0F CC 33 3C 33 C3 F0 C3 0F F0 00 3C 00 C3 F0 FF 0F C3 C3 33 00 00 F0 F0 0F CC 33 3C 33 00 FF 00 0F 00 00 3C 0F 00 F0 33 0F CC 33 3C 00 C3 F0 C3 0F CC F0 33 00 00 F0 33 0F C3 F0 3C 3C 00 F0 CC 0F CC C3 3C 33 C3 FF 0F 0F CC 33 33 00 00 F0 CC 0F C3 33 3C 33 C3 F0 CC 
bin view: 00001111 11001100 00110011 00111100 00110011 11000011 11110000 11000011 00001111 11110000 00000000 00111100 00000000 11000011 11110000 11111111 00001111 11000011 11000011 00110011 00000000 00000000 11110000 11110000 00001111 11001100 00110011 00111100 00110011 00000000 11111111 00000000 00001111 00000000 00000000 00111100 00001111 00000000 11110000 00110011 00001111 11001100 00110011 00111100 00000000 11000011 11110000 11000011 00001111 11001100 11110000 00110011 00000000 00000000 11110000 00110011 00001111 11000011 11110000 00111100 00111100 00000000 11110000 11001100 00001111 11001100 11000011 00111100 00110011 11000011 11111111 00001111 00001111 11001100 00110011 00110011 00000000 00000000 11110000 11001100 00001111 11000011 00110011 00111100 00110011 11000011 11110000 11001100 

received.txt:
bin view: 00101111 11001000 00111011 00111000 00110111 11000001 11110010 11000001 00101111 11110010 10000000 00110100 00000010 11001011 10110000 01111111 10001111 11010011 11000001 00111011 10000000 00000001 10110000 11110010 00000111 11101100 00010011 00011100 10110011 00010000 11011111 00000001 10001111 01000000 00000100 00011100 00001011 00001000 11110010 00010011 00001011 11001000 10110011 00111101 00000100 11001011 11110001 11001011 00000111 11101100 11010000 01110011 00100000 00010000 11110010 00010011 01001111 01000011 11111000 00111101 00101100 00100000 11010000 10001100 00101111 10001100 11000111 00111000 00110010 11000111 11111011 00000111 00000111 11001101 00110111 00110111 00010000 01000000 11110010 10001100 00001110 01000011 00110001 01111100 10110011 11000001 11100000 10001100 
?[1;31m
Start test 12?[0m
Write a mode: > decode

received.txt:
hex view: 2F C8 3B 38 37 C1 F2 C1 2F F2 80 34 02 CB B0 7F 8F D3 C1 3B 80 01 B0 F2 07 EC 13 1C B3 10 DF 01 8F 40 04 1C 0B 08 F2 13 0B C8 B3 3D 04 CB F1 CB 07 EC D0 73 20 10 F2 13 4F 43 F8 3D 2C 20 D0 8C 2F 8C C7 38 32 C7 FB 07 07 CD 37 37 10 40 F2 8C 0E 43 31 7C B3 C1 E0 8C 
bin view: 00101111 11001000 00111011 00111000 00110111 11000001 11110010 11000001 00101111 11110010 10000000 00110100 00000010 11001011 10110000 01111111 10001111 11010011 11000001 00111011 10000000 00000001 10110000 11110010 00000111 11101100 00010011 00011100 10110011 00010000 11011111 00000001 10001111 01000000 00000100 00011100 00001011 00001000 11110010 00010011 00001011 11001000 10110011 00111101 00000100 11001011 11110001 11001011 00000111 11101100 11010000 01110011 00100000 00010000 11110010 00010011 01001111 01000011 11111000 00111101 00101100 00100000 11010000 10001100 00101111 10001100 11000111 00111000 00110010 11000111 11111011 00000111 00000111 11001101 00110111 00110111 00010000 01000000 11110010 10001100 00001110 01000011 00110001 01111100 10110011 11000001 11100000 10001100 

decoded.txt:
correct: 00110101 00110101 00110100 00111000 00110001 00110111 00110010 00100000 00110110 00110101 00110100 00111000 00100000 00110010 00110010 00110101 00110001 00110100 00110111 00100000 00110010 00110011 00110110 00110101 00110110 00110101 00111001 00110101 00100000 00110101 00110001 00110101 00110101 
hex view: 2F C8 3B 38 37 C1 F2 C1 2F F2 80 34 02 CB B0 7F 8F D3 C1 3B 80 01 B0 F2 07 EC 13 1C B3 10 DF 01 8F 40 04 1C 0B 08 F2 13 0B C8 B3 3D 04 CB F1 CB 07 EC D0 73 20 10 F2 13 4F 43 F8 3D 2C 20 D0 8C 2F 8C C7 38 32 C7 FB 07 07 CD 37 37 10 40 F2 8C 0E 43 31 7C B3 C1 E0 8C 
text view: 5548172 6548 225147 23656595 5155
]]></system-out>
  <system-err><![CDATA[]]></system-err>
</testsuite>
