<?xml version="1.0" encoding="UTF-8"?>
<testsuite name="CorrecterTest" tests="1" skipped="0" failures="0" errors="0" timestamp="2021-06-12T12:08:40" hostname="DESKTOP-SQGJGEQ" time="0.206">
  <properties/>
  <testcase name="start" classname="CorrecterTest" time="0.206"/>
  <system-out><![CDATA[?[1;31m
Start test 1?[0m
[01000101, 01100001, 01110100, 00100000, 01101101, 01101111, 01110010, 01100101, 00100000, 01101111, 01100110, 00100000, 01110100, 01101000, 01100101, 01110011, 01100101, 00100000, 01100110, 01110010, 01100101, 01101110, 01100011, 01101000, 00100000, 01100010, 01110101, 01101110, 01110011, 00100001]
[01000001, 01110001, 00110100, 00100100, 01111101, 01101011, 01100010, 01101101, 01100000, 01101101, 01110110, 01100000, 01110000, 01101100, 01100100, 01110001, 01100001, 00110000, 01100111, 01100010, 01100111, 01001110, 01100001, 01111000, 01100000, 01000010, 01110111, 01001110, 01111011, 00100000]
[45, 61, 74, 20, 6D, 6F, 72, 65, 20, 6F, 66, 20, 74, 68, 65, 73, 65, 20, 66, 72, 65, 6E, 63, 68, 20, 62, 75, 6E, 73, 21]
[77, 96, 117, 96, 77, 110, 82, 69, 33, 47, 103, 48, 52, 108, 109, 113, 37, 48, 103, 115, 109, 106, 115, 120, 48, 34, 125, 102, 51, 97]
[69, 97, 116, 32, 109, 111, 114, 101, 32, 111, 102, 32, 116, 104, 101, 115, 101, 32, 102, 114, 101, 110, 99, 104, 32, 98, 117, 110, 115, 33]
65 101 124 34 101 127 115 97 34 79 100 33 117 96 117 114 103 48 110 50 117 126 35 108 0 34 53 78 113 49
?[1;31m
Start test 2?[0m
[00100100, 01101111, 01101101, 01100101, 00100000, 01110010, 01100001, 01101110, 01100100, 00110000, 01101101, 00100000, 01101101, 01100101, 01110011, 01110011, 01000001, 01100111, 01100101]
[01100100, 01001111, 01101111, 01110101, 00110000, 01110000, 00100001, 00101110, 00100100, 00010000, 01101100, 00101000, 01100101, 01101101, 01110010, 00110011, 01000000, 01100110, 01110101]
[24, 6F, 6D, 65, 20, 72, 61, 6E, 64, 30, 6D, 20, 6D, 65, 73, 73, 41, 67, 65]
[32, 79, 45, 100, 0, 112, 65, 106, 101, 112, 77, 48, 125, 109, 51, 123, 81, 102, 117]
[36, 111, 109, 101, 32, 114, 97, 110, 100, 48, 109, 32, 109, 101, 115, 115, 65, 103, 101]
37 47 45 117 34 118 99 111 36 56 101 33 77 37 83 83 67 102 109
?[1;31m
Start test 3?[0m
[01100010, 01100101, 01110100, 01110100, 01100101, 01110010, 00100000, 01100011, 01100001, 01101100, 01101100, 00100000, 01010011, 01100001, 01110101, 01101100, 00100000, 00110101, 00110101, 00110101, 00101101, 00110000, 00110000, 00101101, 00110111, 00110011, 00100001]
[01100011, 01100100, 01110110, 01110000, 00100101, 01110000, 01100000, 01100010, 01100101, 01001100, 00101100, 00000000, 01000011, 01110001, 01110111, 01001100, 01100000, 00100101, 01110101, 00110100, 00111101, 01110000, 00110001, 00101100, 01110111, 00100011, 00100000]
[62, 65, 74, 74, 65, 72, 20, 63, 61, 6C, 6C, 20, 53, 61, 75, 6C, 20, 35, 35, 35, 2D, 30, 30, 2D, 37, 33, 21]
[96, 117, 100, 117, 69, 112, 48, 98, 96, 124, 44, 36, 91, 105, 116, 76, 33, 52, 117, 49, 44, 56, 50, 109, 53, 49, 49]
[98, 101, 116, 116, 101, 114, 32, 99, 97, 108, 108, 32, 83, 97, 117, 108, 32, 53, 53, 53, 45, 48, 48, 45, 55, 51, 33]
114 117 117 100 37 112 36 67 65 104 76 40 82 113 125 110 33 37 37 117 61 112 32 109 51 59 32
?[1;31m
Start test 4?[0m
[00110101, 00110101, 00110100, 00111000, 00110001, 00110111, 00110010, 00100000, 00110110, 00110101, 00110100, 00111000, 00100000, 00110010, 00110010, 00110101, 00110001, 00110100, 00110111, 00100000, 00110010, 00110011, 00110110, 00110101, 00110110, 00110101, 00111001, 00110101, 00100000, 00110101, 00110001, 00110101, 00110101]
[00010101, 01110101, 01110100, 00111100, 00110000, 00111111, 00111010, 01100000, 00110111, 00111101, 00110110, 00011000, 00100001, 00010010, 00110110, 00110111, 00110011, 00110000, 00110101, 01100000, 00110011, 00110001, 00100110, 00010101, 00110111, 01110101, 00111011, 01110101, 00000000, 01110101, 00110011, 00110100, 00111101]
[35, 35, 34, 38, 31, 37, 32, 20, 36, 35, 34, 38, 20, 32, 32, 35, 31, 34, 37, 20, 32, 33, 36, 35, 36, 35, 39, 35, 20, 35, 31, 35, 35]
[55, 37, 36, 60, 53, 119, 114, 33, 22, 49, 36, 24, 0, 18, 18, 37, 17, 60, 119, 40, 18, 59, 118, 49, 52, 52, 25, 55, 33, 117, 53, 52, 49]
[53, 53, 52, 56, 49, 55, 50, 32, 54, 53, 52, 56, 32, 50, 50, 53, 49, 52, 55, 32, 50, 51, 54, 53, 54, 53, 57, 53, 32, 53, 49, 53, 53]
37 61 54 24 33 39 48 0 62 52 53 58 96 48 48 21 17 60 23 40 48 49 118 37 55 61 49 61 34 52 33 49 52
]]></system-out>
  <system-err><![CDATA[]]></system-err>
</testsuite>
